# JRE version: Java(TM) SE Runtime Environment (8.0_251-b08) (build 1.8.0_251-b08)
# Java VM: Java HotSpot(TM) 64-Bit Server VM (25.251-b08 mixed mode windows-amd64 compressed oops)
Heap:
 PSYoungGen      total 70656K, used 28464K [0x00000000d6000000, 0x00000000daa00000, 0x0000000100000000)
  eden space 65536K, 43% used [0x00000000d6000000,0x00000000d7bcc2e0,0x00000000da000000)
  from space 5120K, 0% used [0x00000000da000000,0x00000000da000000,0x00000000da500000)
  to   space 5120K, 0% used [0x00000000da500000,0x00000000da500000,0x00000000daa00000)
 ParOldGen       total 64000K, used 13335K [0x0000000082000000, 0x0000000085e80000, 0x00000000d6000000)
  object space 64000K, 20% used [0x0000000082000000,0x0000000082d05d18,0x0000000085e80000)
 Metaspace       used 21869K, capacity 23904K, committed 24192K, reserved 1071104K
  class space    used 2851K, capacity 3365K, committed 3456K, reserved 1048576K
GC Heap History (10 events):
Event: 1.168 GC heap before
{Heap before GC invocations=2 (full 0):
 PSYoungGen      total 37888K, used 37589K [0x00000000d6000000, 0x00000000d8a00000, 0x0000000100000000)
  eden space 32768K, 100% used [0x00000000d6000000,0x00000000d8000000,0x00000000d8000000)
  from space 5120K, 94% used [0x00000000d8000000,0x00000000d84b57c0,0x00000000d8500000)
  to   space 5120K, 0% used [0x00000000d8500000,0x00000000d8500000,0x00000000d8a00000)
 ParOldGen       total 86016K, used 16K [0x0000000082000000, 0x0000000087400000, 0x00000000d6000000)
  object space 86016K, 0% used [0x0000000082000000,0x0000000082004000,0x0000000087400000)
 Metaspace       used 15223K, capacity 16362K, committed 16512K, reserved 1062912K
  class space    used 1898K, capacity 2156K, committed 2176K, reserved 1048576K
Event: 1.172 GC heap after
Heap after GC invocations=2 (full 0):
 PSYoungGen      total 37888K, used 5107K [0x00000000d6000000, 0x00000000d8a00000, 0x0000000100000000)
  eden space 32768K, 0% used [0x00000000d6000000,0x00000000d6000000,0x00000000d8000000)
  from space 5120K, 99% used [0x00000000d8500000,0x00000000d89fcdf0,0x00000000d8a00000)
  to   space 5120K, 0% used [0x00000000d8000000,0x00000000d8000000,0x00000000d8500000)
 ParOldGen       total 86016K, used 1843K [0x0000000082000000, 0x0000000087400000, 0x00000000d6000000)
  object space 86016K, 2% used [0x0000000082000000,0x00000000821ccf60,0x0000000087400000)
 Metaspace       used 15223K, capacity 16362K, committed 16512K, reserved 1062912K
  class space    used 1898K, capacity 2156K, committed 2176K, reserved 1048576K
}
Event: 1.368 GC heap before
{Heap before GC invocations=3 (full 0):
 PSYoungGen      total 37888K, used 37875K [0x00000000d6000000, 0x00000000d8a00000, 0x0000000100000000)
  eden space 32768K, 100% used [0x00000000d6000000,0x00000000d8000000,0x00000000d8000000)
  from space 5120K, 99% used [0x00000000d8500000,0x00000000d89fcdf0,0x00000000d8a00000)
  to   space 5120K, 0% used [0x00000000d8000000,0x00000000d8000000,0x00000000d8500000)
 ParOldGen       total 86016K, used 1843K [0x0000000082000000, 0x0000000087400000, 0x00000000d6000000)
  object space 86016K, 2% used [0x0000000082000000,0x00000000821ccf60,0x0000000087400000)
 Metaspace       used 17005K, capacity 18166K, committed 18304K, reserved 1064960K
  class space    used 2095K, capacity 2333K, committed 2432K, reserved 1048576K
Event: 1.374 GC heap after
Heap after GC invocations=3 (full 0):
 PSYoungGen      total 37888K, used 5108K [0x00000000d6000000, 0x00000000daa00000, 0x0000000100000000)
  eden space 32768K, 0% used [0x00000000d6000000,0x00000000d6000000,0x00000000d8000000)
  from space 5120K, 99% used [0x00000000d8000000,0x00000000d84fd100,0x00000000d8500000)
  to   space 5120K, 0% used [0x00000000da500000,0x00000000da500000,0x00000000daa00000)
 ParOldGen       total 86016K, used 4889K [0x0000000082000000, 0x0000000087400000, 0x00000000d6000000)
  object space 86016K, 5% used [0x0000000082000000,0x00000000824c67b8,0x0000000087400000)
 Metaspace       used 17005K, capacity 18166K, committed 18304K, reserved 1064960K
  class space    used 2095K, capacity 2333K, committed 2432K, reserved 1048576K
}
Event: 1.422 GC heap before
{Heap before GC invocations=4 (full 0):
 PSYoungGen      total 37888K, used 37876K [0x00000000d6000000, 0x00000000daa00000, 0x0000000100000000)
  eden space 32768K, 100% used [0x00000000d6000000,0x00000000d8000000,0x00000000d8000000)
  from space 5120K, 99% used [0x00000000d8000000,0x00000000d84fd100,0x00000000d8500000)
  to   space 5120K, 0% used [0x00000000da500000,0x00000000da500000,0x00000000daa00000)
 ParOldGen       total 86016K, used 4889K [0x0000000082000000, 0x0000000087400000, 0x00000000d6000000)
  object space 86016K, 5% used [0x0000000082000000,0x00000000824c67b8,0x0000000087400000)
 Metaspace       used 17063K, capacity 18256K, committed 18560K, reserved 1064960K
  class space    used 2104K, capacity 2338K, committed 2432K, reserved 1048576K
Event: 1.428 GC heap after
Heap after GC invocations=4 (full 0):
 PSYoungGen      total 70656K, used 5092K [0x00000000d6000000, 0x00000000daa00000, 0x0000000100000000)
  eden space 65536K, 0% used [0x00000000d6000000,0x00000000d6000000,0x00000000da000000)
  from space 5120K, 99% used [0x00000000da500000,0x00000000da9f9130,0x00000000daa00000)
  to   space 5120K, 0% used [0x00000000da000000,0x00000000da000000,0x00000000da500000)
 ParOldGen       total 86016K, used 6685K [0x0000000082000000, 0x0000000087400000, 0x00000000d6000000)
  object space 86016K, 7% used [0x0000000082000000,0x00000000826877c8,0x0000000087400000)
 Metaspace       used 17063K, capacity 18256K, committed 18560K, reserved 1064960K
  class space    used 2104K, capacity 2338K, committed 2432K, reserved 1048576K
}
Event: 1.702 GC heap before
{Heap before GC invocations=5 (full 0):
 PSYoungGen      total 70656K, used 61187K [0x00000000d6000000, 0x00000000daa00000, 0x0000000100000000)
  eden space 65536K, 85% used [0x00000000d6000000,0x00000000d96c7ea8,0x00000000da000000)
  from space 5120K, 99% used [0x00000000da500000,0x00000000da9f9130,0x00000000daa00000)
  to   space 5120K, 0% used [0x00000000da000000,0x00000000da000000,0x00000000da500000)
 ParOldGen       total 86016K, used 6685K [0x0000000082000000, 0x0000000087400000, 0x00000000d6000000)
  object space 86016K, 7% used [0x0000000082000000,0x00000000826877c8,0x0000000087400000)
 Metaspace       used 19263K, capacity 21102K, committed 21248K, reserved 1067008K
  class space    used 2481K, capacity 2962K, committed 3072K, reserved 1048576K
Event: 1.714 GC heap after
Heap after GC invocations=5 (full 0):
 PSYoungGen      total 70656K, used 5104K [0x00000000d6000000, 0x00000000daa00000, 0x0000000100000000)
  eden space 65536K, 0% used [0x00000000d6000000,0x00000000d6000000,0x00000000da000000)
  from space 5120K, 99% used [0x00000000da000000,0x00000000da4fc030,0x00000000da500000)
  to   space 5120K, 0% used [0x00000000da500000,0x00000000da500000,0x00000000daa00000)
 ParOldGen       total 86016K, used 11313K [0x0000000082000000, 0x0000000087400000, 0x00000000d6000000)
  object space 86016K, 13% used [0x0000000082000000,0x0000000082b0c518,0x0000000087400000)
 Metaspace       used 19263K, capacity 21102K, committed 21248K, reserved 1067008K
  class space    used 2481K, capacity 2962K, committed 3072K, reserved 1048576K
}
Event: 1.714 GC heap before
{Heap before GC invocations=6 (full 1):
 PSYoungGen      total 70656K, used 5104K [0x00000000d6000000, 0x00000000daa00000, 0x0000000100000000)
  eden space 65536K, 0% used [0x00000000d6000000,0x00000000d6000000,0x00000000da000000)
  from space 5120K, 99% used [0x00000000da000000,0x00000000da4fc030,0x00000000da500000)
  to   space 5120K, 0% used [0x00000000da500000,0x00000000da500000,0x00000000daa00000)
 ParOldGen       total 86016K, used 11313K [0x0000000082000000, 0x0000000087400000, 0x00000000d6000000)
  object space 86016K, 13% used [0x0000000082000000,0x0000000082b0c518,0x0000000087400000)
 Metaspace       used 19263K, capacity 21102K, committed 21248K, reserved 1067008K
  class space    used 2481K, capacity 2962K, committed 3072K, reserved 1048576K
Event: 1.757 GC heap after
Heap after GC invocations=6 (full 1):
 PSYoungGen      total 70656K, used 0K [0x00000000d6000000, 0x00000000daa00000, 0x0000000100000000)
  eden space 65536K, 0% used [0x00000000d6000000,0x00000000d6000000,0x00000000da000000)
  from space 5120K, 0% used [0x00000000da000000,0x00000000da000000,0x00000000da500000)
  to   space 5120K, 0% used [0x00000000da500000,0x00000000da500000,0x00000000daa00000)
 ParOldGen       total 64000K, used 13335K [0x0000000082000000, 0x0000000085e80000, 0x00000000d6000000)
  object space 64000K, 20% used [0x0000000082000000,0x0000000082d05d18,0x0000000085e80000)
 Metaspace       used 19260K, capacity 21096K, committed 21248K, reserved 1067008K
  class space    used 2480K, capacity 2960K, committed 3072K, reserved 1048576K
}

